[vajillasbynuriablanco.com/pages/personalizar.html]
[backblue.gif]
[fade.gif]
[index.html]
[vajillasbynuriablanco.com/pages/POST]
[cdn.shopify.com/s/javascripts/tricorder/trekkie.storefront.4fd331dc159cfad1401566017b4500c5e0362e8b.min.js]
[cdn.shopify.com/shopifycloud/boomerang/shopify-boomerang-1.0.0.min.js]
[cdn.shopify.com/shopifycloud/shopify/assets/shop_events_listener-68ba3f1321f00bf07cb78a03841621079812265e950cdccade3463749ea2705e.js]
[cdn.shopify.com/shopifycloud/storefront-recaptcha-v3/v0.1/index.js]
[cdn.shopify.com/shopifycloud/shopify/assets/storefront/load_feature-24ff1222c9aa13bb217653c0d3ea28c40a796a280e6da29ad421eec2a6075c86.js]
[cdn.shopify.com/shopifycloud/shopify/assets/shopify_pay/storefront-21b5dddfc8b64c1ad68cee3ba7448d1ffa15c24e969ebc1fbccf1a3784b659ad99c2.js]
[cdn.shopify.com/shopifycloud/shopify/assets/storefront/features-87e8399988880142f2c62771b9d8f2ff6c290b3ff745dd426eb0dfe0db9d1dae.js]
[www.google-analytics.com/analytics.js]
[cdn.shopify.com/s/files/1/0080/9877/5107/t/2/assets/theme.scss2393.css]
[cdn.shopify.com/s/files/1/0080/9877/5107/t/2/assets/lazysizes.min799a.js]
[cdn.polyfill.io/v2/polyfill.mindd08.js]
[cdn.shopify.com/s/files/1/0080/9877/5107/t/2/assets/libs.min5a14.js]
[cdn.shopify.com/s/files/1/0080/9877/5107/t/2/assets/custom5cf0.js]
[cdn.shopify.com/s/files/1/0080/9877/5107/t/2/assets/theme.min045f.js]
[vajillasbynuriablanco.com/pages/proyectos-a-medida.html]
[cdn.shopify.com/s/files/1/0080/9877/5107/files/menu_01_ba79f4b9-1459-4135-9bf4-95d20813b3db_1x1aaa1.jpg]
[vajillasbynuriablanco.com/pages/contacto.html]
[cdn.shopify.com/s/files/1/0080/9877/5107/files/menu_02_08eabf18-a6bc-436f-91cb-2e1a8d8ddf99_1x185ee.jpg]
[cdn.shopify.com/s/files/1/0080/9877/5107/files/logo_vajillasbynuria_01_310x328d.png]
[vajillasbynuriablanco.com/pages/nuriablanco.html]
[vajillasbynuriablanco.com/pages/puntos-de-venta.html]
[vajillasbynuriablanco.com/pages/personalizar.html]
[vajillasbynuriablanco.com/pages/POST.html]
[cdn.shopify.com/s/files/1/0080/9877/5107/t/2/assets/cursor-zoom-inaec6.svg]
[vajillasbynuriablanco.com/pages/politica-de-cookies.html]
[cdn.shopify.com/s/files/1/0080/9877/5107/t/2/assets/cursor-zoom-in-2xb9a6.svg]
[cdn.shopify.com/s/files/1/0080/9877/5107/t/2/assets/theme.scss2393.css]
[cdn.shopify.com/s/files/1/0080/9877/5107/files/Sin-titulo-1_901d43db-9645-48fd-b357-3c0249cd89dc_480x4805701.jpg]
[cdn.shopify.com/s/files/1/0080/9877/5107/files/Sin_titulo-2_480x4805756.jpg]
[cdn.shopify.com/s/files/1/0080/9877/5107/files/Sin-titulo-1_e9d10b8b-61d2-43c6-b8b3-c61ae3249c2b_480x4807404.jpg]
[cdn.shopify.com/s/files/1/0080/9877/5107/files/Sin-titulo-3_480x4800def.jpg]
[cdn.shopify.com/s/files/1/0080/9877/5107/files/Sin-titulo-2_0e442aea-e6af-41d9-aba5-926b9d502567_480x4800844.jpg]
[cdn.shopify.com/s/files/1/0080/9877/5107/files/Sin-titulo-1_103ee560-e6fc-4e52-b60a-e86fff270b08_480x480c582.jpg]
[cdn.shopify.com/s/files/1/0080/9877/5107/files/Sin_titulo-1_61126ded-d83a-4f62-bf26-a44514073a0c_480x4808028.jpg]
[cdn.shopify.com/s/files/1/0080/9877/5107/files/Premios_83d274c4-9e6d-47bb-adf6-ba79e4191851_480x480f9d8.jpg]
[cdn.shopify.com/s/files/1/0080/9877/5107/files/Sin-titulo-1_480x4802fd7.jpg]
[cdn.shopify.com/s/files/1/0080/9877/5107/files/Foto_2_c9fc4add-b2c0-4a91-af4c-047b330789d0_480x480a98d.jpg]
[cdn.shopify.com/s/files/1/0080/9877/5107/files/Cartel_c3736c4b-0643-4883-9e8b-2109e41886e2_480x480c20f.jpg]
[cdn.shopify.com/s/files/1/0080/9877/5107/files/Foto_Video_480x480e6a4.jpg]
[cdn.shopify.com/s/files/1/0080/9877/5107/files/Proyecto_Aguas_de_V_L_1024x102448d1.jpg]
[cdn.shopify.com/s/files/1/0080/9877/5107/files/Mural_Animales_Humanizados2_105262_17d1cc5e-80c9-4b30-9ef2-47f0cd1dd6db_1024x102434ac.jpg]
[cdn.shopify.com/s/files/1/0080/9877/5107/files/Sin_titulo-1_1024x1024b92b.jpg]
[cdn.shopify.com/s/files/1/0080/9877/5107/files/48367959_2286038751632578_8139615319783112704_n_grande3a2d.jpg]
[cdn.shopify.com/s/files/1/0080/9877/5107/files/Premios_1024x10246319.jpg]
[cdn.shopify.com/s/files/1/0080/9877/5107/files/Plantas_Cafe_105155_7a7bdb53-83b0-4fb9-af9d-0f8c178372f3_1024x10246be6.jpg]
[cdn.shopify.com/s/files/1/0080/9877/5107/files/premios_gastro_1024x10249c02.jpg]
[cdn.shopify.com/s/files/1/0080/9877/5107/files/Mural_6bbb29da-968d-477a-b3fa-bab504aee045_1024x10249641.jpg]
[cdn.shopify.com/s/files/1/0080/9877/5107/files/IMG_3765_1024x1024853c.jpg]
[cdn.shopify.com/s/files/1/0080/9877/5107/files/Costilla_Adan_104586_grande69be.jpg]
[cdn.shopify.com/s/files/1/0080/9877/5107/files/IMG_2452_1024x1024ee91.jpg]
[cdn.shopify.com/s/files/1/0080/9877/5107/files/IMG_1618_1024x1024952e.jpg]
[cdn.shopify.com/s/files/1/0080/9877/5107/files/Gamba_102295_1024x1024865c.jpg]
[cdn.shopify.com/s/files/1/0080/9877/5107/files/botellas_1024x1024f2e6.jpg]
[cdn.shopify.com/s/files/1/0080/9877/5107/files/Mural_1024x102419fa.jpg]
[cdn.shopify.com/s/files/1/0080/9877/5107/files/Peces_103577_1024x10240167.jpg]
[cdn.shopify.com/s/files/1/0080/9877/5107/files/IMG_1591_7fd78fcf-0bb3-467b-81c8-63dc1b97814e_1024x10241275.jpg]
[cdn.shopify.com/s/files/1/0080/9877/5107/files/Pulpos_103539_1024x1024bbe0.jpg]
[cdn.shopify.com/s/files/1/0080/9877/5107/files/Mural_Pajaros_1024x10245de7.jpg]
[cdn.shopify.com/s/files/1/0080/9877/5107/files/Centolla_1024x1024b36a.jpg]
[cdn.shopify.com/s/files/1/0080/9877/5107/files/20160616_111059_2f613374-54b5-4c22-89ee-cd361f89c160_1024x1024ae97.jpg]
[cdn.shopify.com/s/files/1/0080/9877/5107/files/home_burger_1024x1024fc51.jpg]
[cdn.shopify.com/s/files/1/0080/9877/5107/files/Foto_1_5ba044a0-d05d-445a-b3a1-c24a00fa089f_1024x1024b0a4.jpg]
[cdn.shopify.com/s/files/1/0080/9877/5107/files/mural_sushita_1024x1024e792.jpg]
[cdn.shopify.com/s/files/1/0080/9877/5107/files/Tiburon_Mural_102067_9cf2dbe1-a804-4b9f-9114-856aa5933f07_1024x1024c723.jpg]
[vajillasbynuriablanco.com/pages/proyectos-a-medida.html]
[vajillasbynuriablanco.com/pages/contacto.html]
[cdn.shopify.com/s/files/1/0080/9877/5107/files/nuriablanco_1024x10243cab.jpg]
[player.vimeo.com/api/player.js]
[vajillasbynuriablanco.com/pages/nuriablanco.html]
[vajillasbynuriablanco.com/pages/puntos-de-venta.html]
[vajillasbynuriablanco.com/pages/politica-de-cookies.html]
[cdn.shopify.com/s/files/1/0080/9877/5107/t/2/assets/cursor-zoom-inaec6.svg]
[cdn.shopify.com/s/files/1/0080/9877/5107/t/2/assets/cursor-zoom-in-2xb9a6.svg]
